-------------
Duky
Amity
Elena
Lynn
Valentijn
-------------
Paddy|Abrehart
Alina|Adanez
Bax|Aldrin
Ivett|Aristide
Waylin|Assel
Hayward|Autrie
Howey|Bantock
Shandra|Beadon
Linea|Beesey
Konstantin|Birds
Ariella|Birt
Meir|Brake
Ian|Bretherick
Renee|Brobyn
Linn|Brodley
Philippa|Canfield
Sorcha|Casewell
Royal|Cass
Jeffry|Christopherson
Tally|Cobbald
Aretha|Cosgrive
Wolfy|Courson
Maurise|Crick
Zulema|Cringle
Judith|Crucetti
Robinet|Culross
Mateo|Davioud
Tymothy|Demetr
Livvie|Dible
Jill|Domenico
Berne|Dougal
Olvan|Ducker
Eward|Eason
Osborne|Easson
Emmery|Edgeley
Chelsy|Everex
Irving|Feveryear
Sarine|Ghion
Marylinda|Girdlestone
Paddie|Goucher
Raf|Gowrich
Katlin|Griffey
Cinderella|Guilder
Isador|Guitton
Virgilio|Guly
Mariquilla|Gwyllt
Karina|Habert
Margareta|Hammerstone
Barbi|Haston
Kizzie|Hawkin
Law|Hurt
Elga|Iacovielli
Tabor|Illesley
Irvin|Ilyenko
Grenville|Instone
Silvain|Jinkin
Flori|Jirasek
Filbert|Josovitz
Hank|Keenan
Cristina|King
Markus|Klesel
Denis|Knight
Ania|Knottley
Cornie|Knowlton
Mohandas|Lage
Richmond|Laste
Tatiana|Leaf
Wittie|Lemon
Emmalynn|Leven
Carlos|Lupton
Basia|Lytlle
Eric|M'cowis
Vicky|Matitiaho
Fayre|Mayte
Calv|Naerup
Carena|Nibley
Corbet|Niess
Noella|O'Hickee
Inglis|Pedron
Beverlee|Phare
Mildrid|Podd
Oswald|Rathbourne
Alvis|Ratledge
Goober|Reding
Zach|Renner
Walsh|Ricarde
Anthe|Ritter
Tamarah|Rockhill
Oswell|Ruckert
Jabez|Servante
Justino|Shearmur
Eveline|Skeermor
Pattie|Skoyles
Lambert|Snelle
Thedric|Stagge
Sasha|Stickley
Ilyse|Symper
Juliann|Taft
Jason|Teanby
Kerstin|Tolefree
Jennica|Totman
Rubin|Treppas
Sheffield|Tullis
Krissy|Urrey
Krystle|Varah
Avrom|Veeler
Demetria|Venner
Julienne|Wearne
Frankie|Wewell
Gabi|Wilber
Huey|Worner
-------------
Trudie|Haucke
Hedvige|Reubbens
Danielle|Lucken
Avis|Castenda
Tracey|Leydon
Lurleen|Fosberry
Kathrine|Wanne
Lorelei|Twinterman
Chiquia|Whiten
Midge|MacFaell
Nicolle|Vosse
Helen-elizabeth|Goff
Kendre|Dewan
Milicent|Joselevitz
Lizbeth|Van der Baaren
Tawsha|Alberts
Lise|Venner
Anne-marie|O'Flannery
Lena|Tyndall
Babbette|Timberlake
Kristien|Broschek
Hazel|Gotmann
Aryn|Truckett
Linette|Amis
Caryl|Dunbavin
Brena|MacNockater
Jennica|Slader
Rozina|Lindblad
Corri|Klement
Felipa|McCraine
Lyndsay|Kieran
Gretel|Wethered
Krissy|Urrey
Kim|Murton
Gray|Flores
Claudette|Poor
Deeann|Schriren
Geraldine|Martins
Sunny|McAllister
Annora|Wegenen
Suzanne|Peers
Tamarah|Rockhill
Sophi|McTrustrie
Philippa|Canfield
Mercy|Olesen
Georgianne|Thrasher
Ferdinande|Huffa
Daria|Hamsher
Trista|Goadbie
Kizzie|Hawkin
Gwendolyn|Ramalhete
Lois|Muggleston
Janina|Lansdowne
Karin|Cowling
Brita|Kiff
Marlena|Hearnshaw
Larina|Coate
Keelia|Cawcutt
Caroljean|Hector
Persis|Tiddeman
Karalynn|Boniface
Elsey|Hollyman
Robena|Micallef
Talyah|Trubshawe
Mikaela|Chown
Linet|Jacquemy
Jaimie|Revance
Florentia|Priditt
Jennica|Totman
Charmain|Ilbert
Elga|Iacovielli
Carmencita|Kohen
Jo-ann|Grieve
Kaycee|Causey
Demetris|Makepeace
Hadria|Dripps
Martynne|Staynes
Clemmie|Safell
Carmela|Sonley
Hedvig|Edelmann
Delilah|Cockshot
Karoline|Allmann
Katey|Manilove
Chiarra|Larkings
Karla|Muddimer
-------------
Corbet|Niess
Noella|O'Hickee
Vicky|Matitiaho
Jill|Domenico
Irving|Feveryear
Cinderella|Guilder
Meir|Brake
Mariquilla|Gwyllt
Krystle|Varah
Philippa|Canfield
-------------
Josephine
-------------
is.gd
msn.com
amazon.com
dyndns.org
-------------
changes: 8   total_changes: 8
-------------
changes: 43   total_changes: 51
-------------
-------------
changes: 1   total_changes: 52
-------------
